{"total": {"lines":{"total":59,"covered":59,"skipped":0,"pct":100},"statements":{"total":65,"covered":65,"skipped":0,"pct":100},"functions":{"total":14,"covered":14,"skipped":0,"pct":100},"branches":{"total":35,"covered":35,"skipped":0,"pct":100},"branchesTrue":{"total":0,"covered":0,"skipped":0,"pct":"Unknown"}}
,"/Volumes/Backup-HD/Development/Trybe/Projetos/sd-023-b-project-zoo-functions/src/getOpeningHours.js": {"lines":{"total":38,"covered":38,"skipped":0,"pct":100},"functions":{"total":7,"covered":7,"skipped":0,"pct":100},"statements":{"total":41,"covered":41,"skipped":0,"pct":100},"branches":{"total":25,"covered":25,"skipped":0,"pct":100}}
,"/Volumes/Backup-HD/Development/Trybe/Projetos/sd-023-b-project-zoo-functions/src/handlerElephants.js": {"lines":{"total":21,"covered":21,"skipped":0,"pct":100},"functions":{"total":7,"covered":7,"skipped":0,"pct":100},"statements":{"total":24,"covered":24,"skipped":0,"pct":100},"branches":{"total":10,"covered":10,"skipped":0,"pct":100}}
}
